2015-11-16 13:09:28,121 [ProductManager.java:Thread-0:73] - Incomplete db setup error: Communications link failure

The last packet sent successfully to the server was 0 milliseconds ago. The driver has not received any packets from the server.
2015-11-16 13:10:09,343 [ProductManager.java:Thread-0:73] - Incomplete db setup error: Communications link failure

The last packet sent successfully to the server was 0 milliseconds ago. The driver has not received any packets from the server.
2015-11-16 13:14:52,698 [ProductManager.java:Thread-0:73] - Incomplete db setup error: Communications link failure

The last packet sent successfully to the server was 0 milliseconds ago. The driver has not received any packets from the server.
2015-11-16 13:45:42,007 [EasyStatement.java:Thread-0:200] - Set value: habijabi product to column: name at indexes[1]
2015-11-16 13:45:42,137 [EasyStatement.java:Thread-0:200] - Set value: code22222 to column: code at indexes[2]
2015-11-16 13:45:42,138 [EasyStatement.java:Thread-0:200] - Set value: null to column: length at indexes[3]
2015-11-16 13:45:42,139 [EasyStatement.java:Thread-0:200] - Set value: null to column: width at indexes[4]
2015-11-16 13:45:42,141 [EasyStatement.java:Thread-0:200] - Set value: null to column: height at indexes[5]
2015-11-16 13:45:42,142 [EasyStatement.java:Thread-0:200] - Set value: null to column: weight at indexes[6]
2015-11-16 13:49:58,041 [EasyStatement.java:Thread-0:200] - Set value: Coca cola to column: name at indexes[1]
2015-11-16 13:49:58,144 [EasyStatement.java:Thread-0:200] - Set value: code22222 to column: code at indexes[2]
2015-11-16 13:49:58,146 [EasyStatement.java:Thread-0:200] - Set value: null to column: length at indexes[3]
2015-11-16 13:49:58,147 [EasyStatement.java:Thread-0:200] - Set value: null to column: width at indexes[4]
2015-11-16 13:49:58,147 [EasyStatement.java:Thread-0:200] - Set value: null to column: height at indexes[5]
2015-11-16 13:49:58,148 [EasyStatement.java:Thread-0:200] - Set value: null to column: weight at indexes[6]
2015-11-16 13:50:25,053 [EasyStatement.java:Thread-0:200] - Set value: Redoy to column: name at indexes[1]
2015-11-16 13:50:25,054 [EasyStatement.java:Thread-0:200] - Set value: code22222 to column: code at indexes[2]
2015-11-16 13:50:25,055 [EasyStatement.java:Thread-0:200] - Set value: null to column: length at indexes[3]
2015-11-16 13:50:25,056 [EasyStatement.java:Thread-0:200] - Set value: null to column: width at indexes[4]
2015-11-16 13:50:25,056 [EasyStatement.java:Thread-0:200] - Set value: null to column: height at indexes[5]
2015-11-16 13:50:25,057 [EasyStatement.java:Thread-0:200] - Set value: null to column: weight at indexes[6]
2015-11-16 14:19:28,747 [EasyStatement.java:Thread-0:200] - Set value: Pran Dal Vaja to column: name at indexes[1]
2015-11-16 14:19:28,853 [EasyStatement.java:Thread-0:200] - Set value: code22222 to column: code at indexes[2]
2015-11-16 14:19:28,854 [EasyStatement.java:Thread-0:200] - Set value: null to column: length at indexes[3]
2015-11-16 14:19:28,855 [EasyStatement.java:Thread-0:200] - Set value: null to column: width at indexes[4]
2015-11-16 14:19:28,856 [EasyStatement.java:Thread-0:200] - Set value: null to column: height at indexes[5]
2015-11-16 14:19:28,857 [EasyStatement.java:Thread-0:200] - Set value: null to column: weight at indexes[6]
2015-11-16 17:10:26,484 [EasyStatement.java:Thread-0:200] - Set value: Hello world to column: name at indexes[1]
2015-11-16 17:10:26,565 [EasyStatement.java:Thread-0:200] - Set value: code22222 to column: code at indexes[2]
2015-11-16 17:10:26,566 [EasyStatement.java:Thread-0:200] - Set value: null to column: length at indexes[3]
2015-11-16 17:10:26,567 [EasyStatement.java:Thread-0:200] - Set value: null to column: width at indexes[4]
2015-11-16 17:10:26,568 [EasyStatement.java:Thread-0:200] - Set value: null to column: height at indexes[5]
2015-11-16 17:10:26,569 [EasyStatement.java:Thread-0:200] - Set value: null to column: weight at indexes[6]
2015-11-16 17:22:15,810 [EasyStatement.java:Thread-0:200] - Set value: kdjsf to column: name at indexes[1]
2015-11-16 17:22:15,917 [EasyStatement.java:Thread-0:200] - Set value: null to column: code at indexes[2]
2015-11-16 17:22:15,918 [EasyStatement.java:Thread-0:200] - Set value: null to column: length at indexes[3]
2015-11-16 17:22:15,919 [EasyStatement.java:Thread-0:200] - Set value: null to column: width at indexes[4]
2015-11-16 17:22:15,919 [EasyStatement.java:Thread-0:200] - Set value: null to column: height at indexes[5]
2015-11-16 17:22:15,920 [EasyStatement.java:Thread-0:200] - Set value: null to column: weight at indexes[6]
2015-11-16 18:18:54,224 [EasyStatement.java:Thread-0:217] - Set value: 5350134 to column: id at indexes[1]
2015-11-16 18:18:54,331 [EasyStatement.java:Thread-0:200] - Set value: fn2 to column: first_name at indexes[2]
2015-11-16 18:18:54,331 [EasyStatement.java:Thread-0:200] - Set value: ln2 to column: last_name at indexes[3]
2015-11-16 18:18:54,332 [EasyStatement.java:Thread-0:200] - Set value: email2 to column: email at indexes[4]
2015-11-16 18:18:54,333 [EasyStatement.java:Thread-0:200] - Set value: phone2 to column: phone at indexes[5]
2015-11-16 18:18:54,334 [EasyStatement.java:Thread-0:200] - Set value: fax2 to column: fax at indexes[6]
2015-11-16 18:18:54,335 [EasyStatement.java:Thread-0:200] - Set value: website2 to column: website at indexes[7]
2015-11-16 18:18:54,469 [EasyStatement.java:Thread-0:217] - Set value: 5350134 to column: user_id at indexes[1]
2015-11-16 18:18:54,472 [EasyStatement.java:Thread-0:217] - Set value: 1 to column: group_id at indexes[2]
2015-11-16 18:18:54,481 [EasyStatement.java:Thread-0:217] - Set value: 5350134 to column: user_id at indexes[1]
2015-11-16 18:18:54,483 [EasyStatement.java:Thread-0:200] - Set value: remarks1 to column: remarks at indexes[2]
2015-11-16 18:24:40,829 [EasyStatement.java:Thread-0:217] - Set value: 3048741 to column: id at indexes[1]
2015-11-16 18:24:40,937 [EasyStatement.java:Thread-0:200] - Set value: Nazmul to column: first_name at indexes[2]
2015-11-16 18:24:40,938 [EasyStatement.java:Thread-0:200] - Set value: Hasan to column: last_name at indexes[3]
2015-11-16 18:24:40,938 [EasyStatement.java:Thread-0:200] - Set value: email@gmail.com to column: email at indexes[4]
2015-11-16 18:24:40,939 [EasyStatement.java:Thread-0:200] - Set value: 016 to column: phone at indexes[5]
2015-11-16 18:24:40,940 [EasyStatement.java:Thread-0:200] - Set value: fax no. to column: fax at indexes[6]
2015-11-16 18:24:40,940 [EasyStatement.java:Thread-0:200] - Set value: www to column: website at indexes[7]
2015-11-16 18:24:41,025 [EasyStatement.java:Thread-0:217] - Set value: 3048741 to column: user_id at indexes[1]
2015-11-16 18:24:41,028 [EasyStatement.java:Thread-0:217] - Set value: 1 to column: group_id at indexes[2]
2015-11-16 18:24:41,036 [EasyStatement.java:Thread-0:217] - Set value: 3048741 to column: user_id at indexes[1]
2015-11-16 18:24:41,039 [EasyStatement.java:Thread-0:200] - Set value: Good day to column: remarks at indexes[2]
2015-11-16 19:36:52,986 [EasyStatement.java:Thread-0:217] - Set value: 3116575 to column: id at indexes[1]
2015-11-16 19:36:53,095 [EasyStatement.java:Thread-0:200] - Set value: Abul to column: first_name at indexes[2]
2015-11-16 19:36:53,096 [EasyStatement.java:Thread-0:200] - Set value: Hasan to column: last_name at indexes[3]
2015-11-16 19:36:53,097 [EasyStatement.java:Thread-0:200] - Set value: abul@gmail.com to column: email at indexes[4]
2015-11-16 19:36:53,097 [EasyStatement.java:Thread-0:200] - Set value: 027286564 to column: phone at indexes[5]
2015-11-16 19:36:53,098 [EasyStatement.java:Thread-0:200] - Set value: +44-208-1234567 to column: fax at indexes[6]
2015-11-16 19:36:53,099 [EasyStatement.java:Thread-0:200] - Set value: www.abul-inventory.com to column: website at indexes[7]
2015-11-16 19:36:53,175 [EasyStatement.java:Thread-0:217] - Set value: 3116575 to column: user_id at indexes[1]
2015-11-16 19:36:53,176 [EasyStatement.java:Thread-0:217] - Set value: 1 to column: group_id at indexes[2]
2015-11-16 19:36:53,260 [EasyStatement.java:Thread-0:217] - Set value: 3116575 to column: user_id at indexes[1]
2015-11-16 19:36:53,261 [EasyStatement.java:Thread-0:200] - Set value: Good day to column: remarks at indexes[2]
2015-11-16 19:38:17,794 [EasyStatement.java:Thread-0:217] - Set value: 8372574 to column: id at indexes[1]
2015-11-16 19:38:17,901 [EasyStatement.java:Thread-0:200] - Set value: Abul to column: first_name at indexes[2]
2015-11-16 19:38:17,902 [EasyStatement.java:Thread-0:200] - Set value: Hasanhjghj to column: last_name at indexes[3]
2015-11-16 19:38:17,902 [EasyStatement.java:Thread-0:200] - Set value: abul@gmail.com to column: email at indexes[4]
2015-11-16 19:38:17,903 [EasyStatement.java:Thread-0:200] - Set value: 027286564 to column: phone at indexes[5]
2015-11-16 19:38:17,904 [EasyStatement.java:Thread-0:200] - Set value: +44-208-1234567 to column: fax at indexes[6]
2015-11-16 19:38:17,905 [EasyStatement.java:Thread-0:200] - Set value: www.abul-inventory.com to column: website at indexes[7]
2015-11-16 19:38:17,952 [EasyStatement.java:Thread-0:217] - Set value: 8372574 to column: user_id at indexes[1]
2015-11-16 19:38:17,954 [EasyStatement.java:Thread-0:217] - Set value: 1 to column: group_id at indexes[2]
2015-11-16 19:38:18,005 [EasyStatement.java:Thread-0:217] - Set value: 8372574 to column: user_id at indexes[1]
2015-11-16 19:38:18,009 [EasyStatement.java:Thread-0:200] - Set value: Good day to column: remarks at indexes[2]
2015-11-16 19:59:44,243 [EasyStatement.java:Thread-0:217] - Set value: 4469371 to column: id at indexes[1]
2015-11-16 19:59:44,341 [EasyStatement.java:Thread-0:200] - Set value: Abul to column: first_name at indexes[2]
2015-11-16 19:59:44,342 [EasyStatement.java:Thread-0:200] - Set value: Hasan to column: last_name at indexes[3]
2015-11-16 19:59:44,343 [EasyStatement.java:Thread-0:200] - Set value: abul@gmail.com to column: email at indexes[4]
2015-11-16 19:59:44,344 [EasyStatement.java:Thread-0:200] - Set value: 027286564 to column: phone at indexes[5]
2015-11-16 19:59:44,344 [EasyStatement.java:Thread-0:200] - Set value: +44-208-1234567 to column: fax at indexes[6]
2015-11-16 19:59:44,355 [EasyStatement.java:Thread-0:200] - Set value: www.abul-inventory.com to column: website at indexes[7]
2015-11-16 19:59:44,509 [EasyStatement.java:Thread-0:217] - Set value: 4469371 to column: user_id at indexes[1]
2015-11-16 19:59:44,512 [EasyStatement.java:Thread-0:217] - Set value: 1 to column: group_id at indexes[2]
2015-11-16 19:59:44,519 [EasyStatement.java:Thread-0:217] - Set value: 4469371 to column: user_id at indexes[1]
2015-11-16 19:59:44,539 [EasyStatement.java:Thread-0:217] - Set value: 0 to column: address_type_id at indexes[2]
2015-11-16 19:59:44,542 [EasyStatement.java:Thread-0:200] - Set value: niketon to column: address at indexes[3]
2015-11-16 19:59:44,545 [EasyStatement.java:Thread-0:200] - Set value: dhaka to column: city at indexes[4]
2015-11-16 19:59:44,548 [EasyStatement.java:Thread-0:200] - Set value: dhaka to column: state at indexes[5]
2015-11-16 19:59:44,551 [EasyStatement.java:Thread-0:200] - Set value: 1207 to column: zip at indexes[6]
2015-11-16 19:59:45,974 [EasyStatement.java:Thread-0:217] - Set value: 4469371 to column: user_id at indexes[1]
2015-11-16 19:59:45,977 [EasyStatement.java:Thread-0:200] - Set value: Good day to column: remarks at indexes[2]
2015-11-16 20:00:22,539 [EasyStatement.java:Thread-0:217] - Set value: 5165120 to column: id at indexes[1]
2015-11-16 20:00:22,541 [EasyStatement.java:Thread-0:200] - Set value: Abul to column: first_name at indexes[2]
2015-11-16 20:00:22,542 [EasyStatement.java:Thread-0:200] - Set value: Hasan to column: last_name at indexes[3]
2015-11-16 20:00:22,543 [EasyStatement.java:Thread-0:200] - Set value: abul@gmail.com to column: email at indexes[4]
2015-11-16 20:00:22,544 [EasyStatement.java:Thread-0:200] - Set value: 027286564 to column: phone at indexes[5]
2015-11-16 20:00:22,545 [EasyStatement.java:Thread-0:200] - Set value: +44-208-1234567 to column: fax at indexes[6]
2015-11-16 20:00:22,546 [EasyStatement.java:Thread-0:200] - Set value: www.abul-inventory.com to column: website at indexes[7]
2015-11-16 20:00:22,620 [EasyStatement.java:Thread-0:217] - Set value: 5165120 to column: user_id at indexes[1]
2015-11-16 20:00:22,621 [EasyStatement.java:Thread-0:217] - Set value: 1 to column: group_id at indexes[2]
2015-11-16 20:00:22,625 [EasyStatement.java:Thread-0:217] - Set value: 5165120 to column: user_id at indexes[1]
2015-11-16 20:00:22,628 [EasyStatement.java:Thread-0:217] - Set value: 0 to column: address_type_id at indexes[2]
2015-11-16 20:00:22,630 [EasyStatement.java:Thread-0:200] - Set value: niketon to column: address at indexes[3]
2015-11-16 20:00:22,633 [EasyStatement.java:Thread-0:200] - Set value: dhaka to column: city at indexes[4]
2015-11-16 20:00:22,636 [EasyStatement.java:Thread-0:200] - Set value: dhaka to column: state at indexes[5]
2015-11-16 20:00:22,639 [EasyStatement.java:Thread-0:200] - Set value: 1207 to column: zip at indexes[6]
2015-11-16 20:00:22,643 [EasyStatement.java:Thread-0:217] - Set value: 5165120 to column: user_id at indexes[1]
2015-11-16 20:00:22,645 [EasyStatement.java:Thread-0:200] - Set value: Good day to column: remarks at indexes[2]
2015-11-16 20:25:09,683 [EasyStatement.java:Thread-0:200] - Set value: Pran Dal Vaja to column: name at indexes[1]
2015-11-16 20:25:09,791 [EasyStatement.java:Thread-0:200] - Set value: 008 to column: code at indexes[2]
2015-11-16 20:25:09,792 [EasyStatement.java:Thread-0:200] - Set value: null to column: length at indexes[3]
2015-11-16 20:25:09,793 [EasyStatement.java:Thread-0:200] - Set value: null to column: width at indexes[4]
2015-11-16 20:25:09,793 [EasyStatement.java:Thread-0:200] - Set value: null to column: height at indexes[5]
2015-11-16 20:25:09,794 [EasyStatement.java:Thread-0:200] - Set value: null to column: weight at indexes[6]
