2015-11-18 21:17:47,934 [EasyStatement.java:Thread-0:200] - Set value: hello to column: name at indexes[1]
2015-11-18 21:17:48,122 [EasyStatement.java:Thread-0:200] - Set value: OMG to column: code at indexes[2]
2015-11-18 21:17:48,123 [EasyStatement.java:Thread-0:200] - Set value: c1 to column: length at indexes[3]
2015-11-18 21:17:48,124 [EasyStatement.java:Thread-0:200] - Set value: d1 to column: width at indexes[4]
2015-11-18 21:17:48,125 [EasyStatement.java:Thread-0:200] - Set value: e1 to column: height at indexes[5]
2015-11-18 21:17:48,126 [EasyStatement.java:Thread-0:200] - Set value: f1 to column: weight at indexes[6]
2015-11-18 21:24:11,951 [EasyStatement.java:Thread-0:200] - Set value: pepsi to column: name at indexes[1]
2015-11-18 21:24:12,050 [EasyStatement.java:Thread-0:200] - Set value: 007 to column: code at indexes[2]
2015-11-18 21:24:12,051 [EasyStatement.java:Thread-0:200] - Set value: c1 to column: length at indexes[3]
2015-11-18 21:24:12,052 [EasyStatement.java:Thread-0:200] - Set value: d1 to column: width at indexes[4]
2015-11-18 21:24:12,053 [EasyStatement.java:Thread-0:200] - Set value: e1 to column: height at indexes[5]
2015-11-18 21:24:12,054 [EasyStatement.java:Thread-0:200] - Set value: f1 to column: weight at indexes[6]
2015-11-18 21:29:32,722 [EasyStatement.java:Thread-0:200] - Set value: 7up to column: name at indexes[1]
2015-11-18 21:29:32,825 [EasyStatement.java:Thread-0:200] - Set value: 20 to column: code at indexes[2]
2015-11-18 21:29:32,826 [EasyStatement.java:Thread-0:200] - Set value: c1 to column: length at indexes[3]
2015-11-18 21:29:32,826 [EasyStatement.java:Thread-0:200] - Set value: d1 to column: width at indexes[4]
2015-11-18 21:29:32,827 [EasyStatement.java:Thread-0:200] - Set value: e1 to column: height at indexes[5]
2015-11-18 21:29:32,828 [EasyStatement.java:Thread-0:200] - Set value: f1 to column: weight at indexes[6]
2015-11-18 22:11:30,819 [EasyStatement.java:Thread-0:217] - Set value: 2789925 to column: id at indexes[1]
2015-11-18 22:11:30,925 [EasyStatement.java:Thread-0:200] - Set value: null to column: first_name at indexes[2]
2015-11-18 22:11:30,926 [EasyStatement.java:Thread-0:200] - Set value: null to column: last_name at indexes[3]
2015-11-18 22:11:30,926 [EasyStatement.java:Thread-0:200] - Set value: null to column: email at indexes[4]
2015-11-18 22:11:30,927 [EasyStatement.java:Thread-0:200] - Set value: null to column: phone at indexes[5]
2015-11-18 22:11:30,928 [EasyStatement.java:Thread-0:200] - Set value: null to column: fax at indexes[6]
2015-11-18 22:11:30,928 [EasyStatement.java:Thread-0:200] - Set value: null to column: website at indexes[7]
2015-11-18 22:15:47,213 [EasyStatement.java:Thread-0:217] - Set value: 4440923 to column: id at indexes[1]
2015-11-18 22:15:47,307 [EasyStatement.java:Thread-0:200] - Set value: Alamgir to column: first_name at indexes[2]
2015-11-18 22:15:47,308 [EasyStatement.java:Thread-0:200] - Set value: Kabir to column: last_name at indexes[3]
2015-11-18 22:15:47,308 [EasyStatement.java:Thread-0:200] - Set value: null to column: email at indexes[4]
2015-11-18 22:15:47,309 [EasyStatement.java:Thread-0:200] - Set value: null to column: phone at indexes[5]
2015-11-18 22:15:47,310 [EasyStatement.java:Thread-0:200] - Set value: null to column: fax at indexes[6]
2015-11-18 22:15:47,310 [EasyStatement.java:Thread-0:200] - Set value: null to column: website at indexes[7]
