2017-01-03 14:44:54,849 [EasyStatement.java:Thread-0:209] - Set value: 02AA6683-8FF6-4DC7-91C2-CCCB05BB0D11 to column: order_no at indexes[1]
2017-01-03 14:44:55,063 [EasyStatement.java:Thread-0:226] - Set value: 53040315 to column: supplier_user_id at indexes[2]
2017-01-03 14:44:55,065 [EasyStatement.java:Thread-0:226] - Set value: 1 to column: status_id at indexes[3]
2017-01-03 14:44:55,068 [EasyStatement.java:Thread-0:243] - Set value: 1483433095 to column: order_date at indexes[4]
2017-01-03 14:44:55,071 [EasyStatement.java:Thread-0:243] - Set value: 0 to column: requested_ship_date at indexes[5]
2017-01-03 14:44:55,075 [EasyStatement.java:Thread-0:260] - Set value: 0.0 to column: discount at indexes[6]
2017-01-03 14:44:55,077 [EasyStatement.java:Thread-0:209] - Set value: null to column: remarks at indexes[7]
2017-01-03 14:44:55,161 [EasyStatement.java:Thread-0:226] - Set value: 41 to column: product_id at indexes[1]
2017-01-03 14:44:55,163 [EasyStatement.java:Thread-0:209] - Set value: 02AA6683-8FF6-4DC7-91C2-CCCB05BB0D11 to column: order_no at indexes[2]
2017-01-03 14:44:55,166 [EasyStatement.java:Thread-0:260] - Set value: 15.0 to column: unit_price at indexes[3]
2017-01-03 14:44:55,167 [EasyStatement.java:Thread-0:260] - Set value: 0.0 to column: discount at indexes[4]
2017-01-03 14:44:55,189 [EasyStatement.java:Thread-0:209] - Set value: 02AA6683-8FF6-4DC7-91C2-CCCB05BB0D11 to column: order_no at indexes[1]
2017-01-03 14:44:55,191 [EasyStatement.java:Thread-0:226] - Set value: 41 to column: product_id at indexes[2]
2017-01-03 14:44:55,194 [EasyStatement.java:Thread-0:260] - Set value: 10.0 to column: stock_in at indexes[3]
2017-01-03 14:44:55,196 [EasyStatement.java:Thread-0:260] - Set value: 0.0 to column: stock_out at indexes[4]
2017-01-03 14:44:55,198 [EasyStatement.java:Thread-0:226] - Set value: 1 to column: transaction_category_id at indexes[5]
2017-01-03 14:44:55,216 [EasyStatement.java:Thread-0:226] - Set value: 41 to column: product_id at indexes[1]
2017-01-03 14:44:55,365 [EasyStatement.java:Thread-0:209] - Set value: 02AA6683-8FF6-4DC7-91C2-CCCB05BB0D11 to column: order_no at indexes[2]
2017-01-03 14:44:55,366 [EasyStatement.java:Thread-0:260] - Set value: 15.0 to column: unit_price at indexes[3]
2017-01-03 14:44:55,368 [EasyStatement.java:Thread-0:260] - Set value: 0.0 to column: discount at indexes[4]
2017-01-03 14:44:55,370 [EasyStatement.java:Thread-0:209] - Set value: 02AA6683-8FF6-4DC7-91C2-CCCB05BB0D11 to column: purchase_order_no at indexes[1]
2017-01-03 14:44:55,373 [EasyStatement.java:Thread-0:209] - Set value: null to column: sale_order_no at indexes[2]
2017-01-03 14:44:55,375 [EasyStatement.java:Thread-0:226] - Set value: 41 to column: product_id at indexes[3]
2017-01-03 14:44:55,377 [EasyStatement.java:Thread-0:260] - Set value: 10.0 to column: stock_in at indexes[4]
2017-01-03 14:44:55,380 [EasyStatement.java:Thread-0:260] - Set value: 0.0 to column: stock_out at indexes[5]
2017-01-03 14:44:55,382 [EasyStatement.java:Thread-0:226] - Set value: 1 to column: transaction_category_id at indexes[6]
2017-01-03 14:47:50,459 [EasyStatement.java:Thread-0:209] - Set value: 00353AF6-D98F-46FB-ADCB-CDE365F9E27D to column: order_no at indexes[1]
2017-01-03 14:47:50,563 [EasyStatement.java:Thread-0:226] - Set value: 54928102 to column: supplier_user_id at indexes[2]
2017-01-03 14:47:50,564 [EasyStatement.java:Thread-0:226] - Set value: 1 to column: status_id at indexes[3]
2017-01-03 14:47:50,566 [EasyStatement.java:Thread-0:243] - Set value: 1483433270 to column: order_date at indexes[4]
2017-01-03 14:47:50,568 [EasyStatement.java:Thread-0:243] - Set value: 0 to column: requested_ship_date at indexes[5]
2017-01-03 14:47:50,571 [EasyStatement.java:Thread-0:260] - Set value: 0.0 to column: discount at indexes[6]
2017-01-03 14:47:50,572 [EasyStatement.java:Thread-0:209] - Set value: null to column: remarks at indexes[7]
2017-01-03 14:47:50,592 [EasyStatement.java:Thread-0:226] - Set value: 40 to column: product_id at indexes[1]
2017-01-03 14:47:50,593 [EasyStatement.java:Thread-0:209] - Set value: 00353AF6-D98F-46FB-ADCB-CDE365F9E27D to column: order_no at indexes[2]
2017-01-03 14:47:50,596 [EasyStatement.java:Thread-0:260] - Set value: 10.0 to column: unit_price at indexes[3]
2017-01-03 14:47:50,597 [EasyStatement.java:Thread-0:260] - Set value: 0.0 to column: discount at indexes[4]
2017-01-03 14:47:50,615 [EasyStatement.java:Thread-0:209] - Set value: 00353AF6-D98F-46FB-ADCB-CDE365F9E27D to column: order_no at indexes[1]
2017-01-03 14:47:50,617 [EasyStatement.java:Thread-0:226] - Set value: 40 to column: product_id at indexes[2]
2017-01-03 14:47:50,618 [EasyStatement.java:Thread-0:260] - Set value: 20.0 to column: stock_in at indexes[3]
2017-01-03 14:47:50,619 [EasyStatement.java:Thread-0:260] - Set value: 0.0 to column: stock_out at indexes[4]
2017-01-03 14:47:50,620 [EasyStatement.java:Thread-0:226] - Set value: 1 to column: transaction_category_id at indexes[5]
2017-01-03 14:47:50,777 [EasyStatement.java:Thread-0:226] - Set value: 40 to column: product_id at indexes[1]
2017-01-03 14:47:50,781 [EasyStatement.java:Thread-0:209] - Set value: 00353AF6-D98F-46FB-ADCB-CDE365F9E27D to column: order_no at indexes[2]
2017-01-03 14:47:50,786 [EasyStatement.java:Thread-0:260] - Set value: 10.0 to column: unit_price at indexes[3]
2017-01-03 14:47:50,789 [EasyStatement.java:Thread-0:260] - Set value: 0.0 to column: discount at indexes[4]
2017-01-03 14:47:50,827 [EasyStatement.java:Thread-0:209] - Set value: 00353AF6-D98F-46FB-ADCB-CDE365F9E27D to column: purchase_order_no at indexes[1]
2017-01-03 14:47:50,831 [EasyStatement.java:Thread-0:209] - Set value: null to column: sale_order_no at indexes[2]
2017-01-03 14:47:50,835 [EasyStatement.java:Thread-0:226] - Set value: 40 to column: product_id at indexes[3]
2017-01-03 14:47:50,838 [EasyStatement.java:Thread-0:260] - Set value: 20.0 to column: stock_in at indexes[4]
2017-01-03 14:47:50,840 [EasyStatement.java:Thread-0:260] - Set value: 0.0 to column: stock_out at indexes[5]
2017-01-03 14:47:50,974 [EasyStatement.java:Thread-0:226] - Set value: 1 to column: transaction_category_id at indexes[6]
